2023-09-15 22:02:02 error: [Cake\Database\Exception\DatabaseException] SQLSTATE[42S02]: Base table or view not found: 1146 Table 'pfuliferp_dk_db.settings' doesn't exist in /var/www/dev.forcepalm.dk/www/app/vendor/cakephp/cakephp/src/Database/Schema/Collection.php on line 160
Stack Trace:
- /var/www/dev.forcepalm.dk/www/app/vendor/cakephp/cakephp/src/Database/Schema/Collection.php:118
- /var/www/dev.forcepalm.dk/www/app/vendor/cakephp/cakephp/src/ORM/Table.php:521
- /var/www/dev.forcepalm.dk/www/app/vendor/cakephp/bake/src/Command/ModelCommand.php:111
- /var/www/dev.forcepalm.dk/www/app/vendor/cakephp/bake/src/Command/ModelCommand.php:94
- /var/www/dev.forcepalm.dk/www/app/vendor/cakephp/cakephp/src/Console/BaseCommand.php:189
- /var/www/dev.forcepalm.dk/www/app/vendor/cakephp/cakephp/src/Console/CommandRunner.php:334
- /var/www/dev.forcepalm.dk/www/app/vendor/cakephp/cakephp/src/Console/CommandRunner.php:172
- /var/www/dev.forcepalm.dk/www/app/bin/cake.php:12

Caused by: [PDOException] SQLSTATE[42S02]: Base table or view not found: 1146 Table 'pfuliferp_dk_db.settings' doesn't exist in /var/www/dev.forcepalm.dk/www/app/vendor/cakephp/cakephp/src/Database/Statement/MysqlStatement.php on line 39
Stack Trace:
- /var/www/dev.forcepalm.dk/www/app/vendor/cakephp/cakephp/src/Database/Statement/MysqlStatement.php:39
- /var/www/dev.forcepalm.dk/www/app/vendor/cakephp/cakephp/src/Database/Connection.php:329
- /var/www/dev.forcepalm.dk/www/app/vendor/cakephp/cakephp/src/Core/Retry/CommandRetry.php:70
- /var/www/dev.forcepalm.dk/www/app/vendor/cakephp/cakephp/src/Database/Connection.php:332
- /var/www/dev.forcepalm.dk/www/app/vendor/cakephp/cakephp/src/Database/Schema/Collection.php:158
- /var/www/dev.forcepalm.dk/www/app/vendor/cakephp/cakephp/src/Database/Schema/Collection.php:118
- /var/www/dev.forcepalm.dk/www/app/vendor/cakephp/cakephp/src/ORM/Table.php:521
- /var/www/dev.forcepalm.dk/www/app/vendor/cakephp/bake/src/Command/ModelCommand.php:111
- /var/www/dev.forcepalm.dk/www/app/vendor/cakephp/bake/src/Command/ModelCommand.php:94
- /var/www/dev.forcepalm.dk/www/app/vendor/cakephp/cakephp/src/Console/BaseCommand.php:189
- /var/www/dev.forcepalm.dk/www/app/vendor/cakephp/cakephp/src/Console/CommandRunner.php:334
- /var/www/dev.forcepalm.dk/www/app/vendor/cakephp/cakephp/src/Console/CommandRunner.php:172
- /var/www/dev.forcepalm.dk/www/app/bin/cake.php:12

